[2025-06-09T13:54:47.712Z] [info] [ClientLogSetup] Uygulama başlatıldı
------------------------------------------------------------
[2025-06-09T13:54:47.707Z] [info] [LogSetup] Frontend log sistemi başlatıldı
------------------------------------------------------------
[2025-06-09T14:02:23.730Z] [info] [ClientLogSetup] Uygulama başlatıldı
------------------------------------------------------------
[2025-06-09T14:02:23.722Z] [info] [LogSetup] Frontend log sistemi başlatıldı
------------------------------------------------------------
[2025-06-09T14:05:11.369Z] [info] [LogSetup] Frontend log sistemi başlatıldı
------------------------------------------------------------
[2025-06-09T14:05:11.374Z] [info] [ClientLogSetup] Uygulama başlatıldı
------------------------------------------------------------
[2025-06-09T14:07:20.746Z] [info] [ClientLogSetup] Uygulama başlatıldı
------------------------------------------------------------
[2025-06-09T14:07:20.742Z] [info] [LogSetup] Frontend log sistemi başlatıldı
------------------------------------------------------------
[2025-06-09T14:08:08.922Z] [error] [UnhandledPromiseRejection] Yakalanmamış Promise hatası
Details: {"reason":"TypeError: file.split is not a function\n    at LoggerService.addLogEntry (webpack-internal:///(app-pages-browser)/./src/services/logger.service.ts:48:42)\n    at LoggerService.error (webpack-internal:///(app-pages-browser)/./src/services/logger.service.ts:61:14)\n    at checkApiAvailability (webpack-internal:///(app-pages-browser)/./src/services/api.service.ts:140:12)"}
------------------------------------------------------------
[2025-06-09T15:37:15.759Z] [error] [UnhandledPromiseRejection] Yakalanmamış Promise hatası
Details: {"reason":"TypeError: file.split is not a function\n    at LoggerService.addLogEntry (webpack-internal:///(app-pages-browser)/./src/services/logger.service.ts:48:42)\n    at LoggerService.error (webpack-internal:///(app-pages-browser)/./src/services/logger.service.ts:61:14)\n    at checkApiAvailability (webpack-internal:///(app-pages-browser)/./src/services/api.service.ts:140:12)"}
------------------------------------------------------------
[2025-06-09T15:37:55.638Z] [info] [LogSetup] Frontend log sistemi başlatıldı
------------------------------------------------------------
[2025-06-09T15:37:55.646Z] [info] [ClientLogSetup] Uygulama başlatıldı
------------------------------------------------------------
[2025-06-09T15:40:07.259Z] [info] [LogSetup] Frontend log sistemi başlatıldı
------------------------------------------------------------
[2025-06-09T15:40:07.285Z] [info] [ClientLogSetup] Uygulama başlatıldı
------------------------------------------------------------
[2025-06-09T15:54:31.071Z] [info] [ClientLogSetup] Uygulama başlatıldı
------------------------------------------------------------
[2025-06-09T15:54:31.063Z] [info] [LogSetup] Frontend log sistemi başlatıldı
------------------------------------------------------------
[2025-06-09T16:03:44.033Z] [info] [ClientLogSetup] Uygulama başlatıldı
------------------------------------------------------------
[2025-06-09T16:03:44.003Z] [info] [LogSetup] Frontend log sistemi başlatıldı
------------------------------------------------------------
[2025-06-09T16:06:21.381Z] [info] [ClientLogSetup] Uygulama başlatıldı
------------------------------------------------------------
[2025-06-09T16:06:21.376Z] [info] [LogSetup] Frontend log sistemi başlatıldı
------------------------------------------------------------
[2025-06-09T16:12:17.654Z] [info] [ClientLogSetup] Uygulama başlatıldı
------------------------------------------------------------
[2025-06-09T16:12:17.649Z] [info] [LogSetup] Frontend log sistemi başlatıldı
------------------------------------------------------------
[2025-06-09T16:12:34.586Z] [info] [LogSetup] Frontend log sistemi başlatıldı
------------------------------------------------------------
[2025-06-09T16:12:34.589Z] [info] [ClientLogSetup] Uygulama başlatıldı
------------------------------------------------------------
[2025-06-09T16:25:31.684Z] [info] [ClientLogSetup] Uygulama başlatıldı
------------------------------------------------------------
[2025-06-09T16:25:31.682Z] [info] [LogSetup] Frontend log sistemi başlatıldı
------------------------------------------------------------
[2025-06-09T16:29:52.305Z] [error] [Window.onerror] Global hata: Uncaught Error: Invalid hook call. Hooks can only be called inside of the body of a function component. This could happen for one of the following reasons:
1. You might have mismatching versions of React and the renderer (such as React DOM)
2. You might be breaking the Rules of Hooks
3. You might have more than one copy of React in the same app
See https://react.dev/link/invalid-hook-call for tips about how to debug and fix this problem.
Details: {"source":"webpack-internal:///(app-pages-browser)/./node_modules/next/dist/compiled/react-dom/cjs/react-dom-client.development.js","line":5014,"column":13,"stack":"Error: Invalid hook call. Hooks can only be called inside of the body of a function component. This could happen for one of the following reasons:\n1. You might have mismatching versions of React and the renderer (such as React DOM)\n2. You might be breaking the Rules of Hooks\n3. You might have more than one copy of React in the same app\nSee https://react.dev/link/invalid-hook-call for tips about how to debug and fix this problem.\n    at Object.throwInvalidHookError (webpack-internal:///(app-pages-browser)/./node_modules/next/dist/compiled/react-dom/cjs/react-dom-client.development.js:5014:13)\n    at exports.useContext (webpack-internal:///(app-pages-browser)/./node_modules/next/dist/compiled/react/cjs/react.development.js:1174:25)\n    at usePathname (webpack-internal:///(app-pages-browser)/./node_modules/next/dist/client/components/navigation.js:95:34)\n    at prevStep (webpack-internal:///(app-pages-browser)/./src/components/home/ExamCreationWizard.personalized-quiz.tsx:699:87)\n    at executeDispatch (webpack-internal:///(app-pages-browser)/./node_modules/next/dist/compiled/react-dom/cjs/react-dom-client.development.js:16424:9)\n    at runWithFiberInDEV (webpack-internal:///(app-pages-browser)/./node_modules/next/dist/compiled/react-dom/cjs/react-dom-client.development.js:1511:30)\n    at processDispatchQueue (webpack-internal:///(app-pages-browser)/./node_modules/next/dist/compiled/react-dom/cjs/react-dom-client.development.js:16474:19)\n    at eval (webpack-internal:///(app-pages-browser)/./node_modules/next/dist/compiled/react-dom/cjs/react-dom-client.development.js:17072:9)\n    at batchedUpdates$1 (webpack-internal:///(app-pages-browser)/./node_modules/next/dist/compiled/react-dom/cjs/react-dom-client.development.js:3254:40)\n    at dispatchEventForPluginEventSystem (webpack-internal:///(app-pages-browser)/./node_modules/next/dist/compiled/react-dom/cjs/react-dom-client.development.js:16628:7)\n    at dispatchEvent (webpack-internal:///(app-pages-browser)/./node_modules/next/dist/compiled/react-dom/cjs/react-dom-client.development.js:20711:11)\n    at dispatchDiscreteEvent (webpack-internal:///(app-pages-browser)/./node_modules/next/dist/compiled/react-dom/cjs/react-dom-client.development.js:20679:11)"}
------------------------------------------------------------
[2025-06-09T16:29:53.485Z] [error] [Window.onerror] Yakalanmamış hata: Uncaught Error: Invalid hook call. Hooks can only be called inside of the body of a function component. This could happen for one of the following reasons:
1. You might have mismatching versions of React and the renderer (such as React DOM)
2. You might be breaking the Rules of Hooks
3. You might have more than one copy of React in the same app
See https://react.dev/link/invalid-hook-call for tips about how to debug and fix this problem.
Details: {"filename":"webpack-internal:///(app-pages-browser)/./node_modules/next/dist/compiled/react-dom/cjs/react-dom-client.development.js","lineno":5014,"colno":13,"error":"Error: Invalid hook call. Hooks can only be called inside of the body of a function component. This could happen for one of the following reasons:\n1. You might have mismatching versions of React and the renderer (such as React DOM)\n2. You might be breaking the Rules of Hooks\n3. You might have more than one copy of React in the same app\nSee https://react.dev/link/invalid-hook-call for tips about how to debug and fix this problem.\n    at Object.throwInvalidHookError (webpack-internal:///(app-pages-browser)/./node_modules/next/dist/compiled/react-dom/cjs/react-dom-client.development.js:5014:13)\n    at exports.useContext (webpack-internal:///(app-pages-browser)/./node_modules/next/dist/compiled/react/cjs/react.development.js:1174:25)\n    at usePathname (webpack-internal:///(app-pages-browser)/./node_modules/next/dist/client/components/navigation.js:95:34)\n    at prevStep (webpack-internal:///(app-pages-browser)/./src/components/home/ExamCreationWizard.personalized-quiz.tsx:699:87)\n    at executeDispatch (webpack-internal:///(app-pages-browser)/./node_modules/next/dist/compiled/react-dom/cjs/react-dom-client.development.js:16424:9)\n    at runWithFiberInDEV (webpack-internal:///(app-pages-browser)/./node_modules/next/dist/compiled/react-dom/cjs/react-dom-client.development.js:1511:30)\n    at processDispatchQueue (webpack-internal:///(app-pages-browser)/./node_modules/next/dist/compiled/react-dom/cjs/react-dom-client.development.js:16474:19)\n    at eval (webpack-internal:///(app-pages-browser)/./node_modules/next/dist/compiled/react-dom/cjs/react-dom-client.development.js:17072:9)\n    at batchedUpdates$1 (webpack-internal:///(app-pages-browser)/./node_modules/next/dist/compiled/react-dom/cjs/react-dom-client.development.js:3254:40)\n    at dispatchEventForPluginEventSystem (webpack-internal:///(app-pages-browser)/./node_modules/next/dist/compiled/react-dom/cjs/react-dom-client.development.js:16628:7)\n    at dispatchEvent (webpack-internal:///(app-pages-browser)/./node_modules/next/dist/compiled/react-dom/cjs/react-dom-client.development.js:20711:11)\n    at dispatchDiscreteEvent (webpack-internal:///(app-pages-browser)/./node_modules/next/dist/compiled/react-dom/cjs/react-dom-client.development.js:20679:11)"}
------------------------------------------------------------
[2025-06-09T16:29:53.487Z] [error] [Window.onerror] Global hata: Uncaught Error: Invalid hook call. Hooks can only be called inside of the body of a function component. This could happen for one of the following reasons:
1. You might have mismatching versions of React and the renderer (such as React DOM)
2. You might be breaking the Rules of Hooks
3. You might have more than one copy of React in the same app
See https://react.dev/link/invalid-hook-call for tips about how to debug and fix this problem.
Details: {"source":"webpack-internal:///(app-pages-browser)/./node_modules/next/dist/compiled/react-dom/cjs/react-dom-client.development.js","line":5014,"column":13,"stack":"Error: Invalid hook call. Hooks can only be called inside of the body of a function component. This could happen for one of the following reasons:\n1. You might have mismatching versions of React and the renderer (such as React DOM)\n2. You might be breaking the Rules of Hooks\n3. You might have more than one copy of React in the same app\nSee https://react.dev/link/invalid-hook-call for tips about how to debug and fix this problem.\n    at Object.throwInvalidHookError (webpack-internal:///(app-pages-browser)/./node_modules/next/dist/compiled/react-dom/cjs/react-dom-client.development.js:5014:13)\n    at exports.useContext (webpack-internal:///(app-pages-browser)/./node_modules/next/dist/compiled/react/cjs/react.development.js:1174:25)\n    at usePathname (webpack-internal:///(app-pages-browser)/./node_modules/next/dist/client/components/navigation.js:95:34)\n    at prevStep (webpack-internal:///(app-pages-browser)/./src/components/home/ExamCreationWizard.personalized-quiz.tsx:699:87)\n    at executeDispatch (webpack-internal:///(app-pages-browser)/./node_modules/next/dist/compiled/react-dom/cjs/react-dom-client.development.js:16424:9)\n    at runWithFiberInDEV (webpack-internal:///(app-pages-browser)/./node_modules/next/dist/compiled/react-dom/cjs/react-dom-client.development.js:1511:30)\n    at processDispatchQueue (webpack-internal:///(app-pages-browser)/./node_modules/next/dist/compiled/react-dom/cjs/react-dom-client.development.js:16474:19)\n    at eval (webpack-internal:///(app-pages-browser)/./node_modules/next/dist/compiled/react-dom/cjs/react-dom-client.development.js:17072:9)\n    at batchedUpdates$1 (webpack-internal:///(app-pages-browser)/./node_modules/next/dist/compiled/react-dom/cjs/react-dom-client.development.js:3254:40)\n    at dispatchEventForPluginEventSystem (webpack-internal:///(app-pages-browser)/./node_modules/next/dist/compiled/react-dom/cjs/react-dom-client.development.js:16628:7)\n    at dispatchEvent (webpack-internal:///(app-pages-browser)/./node_modules/next/dist/compiled/react-dom/cjs/react-dom-client.development.js:20711:11)\n    at dispatchDiscreteEvent (webpack-internal:///(app-pages-browser)/./node_modules/next/dist/compiled/react-dom/cjs/react-dom-client.development.js:20679:11)"}
------------------------------------------------------------
[2025-06-09T16:29:52.302Z] [error] [Window.onerror] Yakalanmamış hata: Uncaught Error: Invalid hook call. Hooks can only be called inside of the body of a function component. This could happen for one of the following reasons:
1. You might have mismatching versions of React and the renderer (such as React DOM)
2. You might be breaking the Rules of Hooks
3. You might have more than one copy of React in the same app
See https://react.dev/link/invalid-hook-call for tips about how to debug and fix this problem.
Details: {"filename":"webpack-internal:///(app-pages-browser)/./node_modules/next/dist/compiled/react-dom/cjs/react-dom-client.development.js","lineno":5014,"colno":13,"error":"Error: Invalid hook call. Hooks can only be called inside of the body of a function component. This could happen for one of the following reasons:\n1. You might have mismatching versions of React and the renderer (such as React DOM)\n2. You might be breaking the Rules of Hooks\n3. You might have more than one copy of React in the same app\nSee https://react.dev/link/invalid-hook-call for tips about how to debug and fix this problem.\n    at Object.throwInvalidHookError (webpack-internal:///(app-pages-browser)/./node_modules/next/dist/compiled/react-dom/cjs/react-dom-client.development.js:5014:13)\n    at exports.useContext (webpack-internal:///(app-pages-browser)/./node_modules/next/dist/compiled/react/cjs/react.development.js:1174:25)\n    at usePathname (webpack-internal:///(app-pages-browser)/./node_modules/next/dist/client/components/navigation.js:95:34)\n    at prevStep (webpack-internal:///(app-pages-browser)/./src/components/home/ExamCreationWizard.personalized-quiz.tsx:699:87)\n    at executeDispatch (webpack-internal:///(app-pages-browser)/./node_modules/next/dist/compiled/react-dom/cjs/react-dom-client.development.js:16424:9)\n    at runWithFiberInDEV (webpack-internal:///(app-pages-browser)/./node_modules/next/dist/compiled/react-dom/cjs/react-dom-client.development.js:1511:30)\n    at processDispatchQueue (webpack-internal:///(app-pages-browser)/./node_modules/next/dist/compiled/react-dom/cjs/react-dom-client.development.js:16474:19)\n    at eval (webpack-internal:///(app-pages-browser)/./node_modules/next/dist/compiled/react-dom/cjs/react-dom-client.development.js:17072:9)\n    at batchedUpdates$1 (webpack-internal:///(app-pages-browser)/./node_modules/next/dist/compiled/react-dom/cjs/react-dom-client.development.js:3254:40)\n    at dispatchEventForPluginEventSystem (webpack-internal:///(app-pages-browser)/./node_modules/next/dist/compiled/react-dom/cjs/react-dom-client.development.js:16628:7)\n    at dispatchEvent (webpack-internal:///(app-pages-browser)/./node_modules/next/dist/compiled/react-dom/cjs/react-dom-client.development.js:20711:11)\n    at dispatchDiscreteEvent (webpack-internal:///(app-pages-browser)/./node_modules/next/dist/compiled/react-dom/cjs/react-dom-client.development.js:20679:11)"}
------------------------------------------------------------
[2025-06-09T16:31:34.455Z] [info] [ClientLogSetup] Uygulama başlatıldı
------------------------------------------------------------
[2025-06-09T16:31:34.451Z] [info] [LogSetup] Frontend log sistemi başlatıldı
------------------------------------------------------------
